2019-08-05 10:58:22,853 [10] debug message
2019-08-05 10:58:22,853 [11] info message
2019-08-05 10:58:22,853 [12] warning message
2019-08-05 10:58:22,853 [13] error messgae
2019-08-05 10:58:22,853 [14] critical message
2019-08-05 10:59:42,942 [10] debug message
2019-08-05 10:59:42,942 [11] info message
2019-08-05 10:59:42,942 [12] warning message
2019-08-05 10:59:42,942 [13] error messgae
2019-08-05 10:59:42,942 [14] critical message
2019-08-05 10:59:43,570 [10] debug message
2019-08-05 10:59:43,570 [11] info message
2019-08-05 10:59:43,570 [12] warning message
2019-08-05 10:59:43,570 [13] error messgae
2019-08-05 10:59:43,570 [14] critical message
2019-08-05 10:59:46,318 [10] debug message
2019-08-05 10:59:46,318 [11] info message
2019-08-05 10:59:46,319 [12] warning message
2019-08-05 10:59:46,319 [13] error messgae
2019-08-05 10:59:46,319 [14] critical message
2019-08-05 10:59:47,719 [10] debug message
2019-08-05 10:59:47,720 [11] info message
2019-08-05 10:59:47,720 [12] warning message
2019-08-05 10:59:47,720 [13] error messgae
2019-08-05 10:59:47,720 [14] critical message
2019-08-05 10:59:49,167 [10] debug message
2019-08-05 10:59:49,167 [11] info message
2019-08-05 10:59:49,168 [12] warning message
2019-08-05 10:59:49,168 [13] error messgae
2019-08-05 10:59:49,168 [14] critical message
2019-08-05 10:59:50,150 [10] debug message
2019-08-05 10:59:50,150 [11] info message
2019-08-05 10:59:50,151 [12] warning message
2019-08-05 10:59:50,151 [13] error messgae
2019-08-05 10:59:50,151 [14] critical message
